<?xml version="1.0" encoding="UTF-8"?>
<!-- Generated by org.testng.reporters.JUnitReportReporter -->
<testsuite skipped="0" hostname="IND03687" name="demotest.sampletest.testmaventry" tests="1" failures="0" timestamp="18 Sep 2019 10:52:07 GMT" time="40.934" errors="0">
  <testcase name="launchbrower" time="40.934" classname="demotest.sampletest.testmaventry"/>
</testsuite> <!-- demotest.sampletest.testmaventry -->
